<?xml version="1.0" encoding="UTF-8"?>
<testsuite name="unit.AuctionMessageTranslatorTest" tests="2" skipped="0" failures="0" errors="0" timestamp="2020-05-19T06:16:41" hostname="REVISION-PC" time="0.047">
  <properties/>
  <testcase name="notifiesAuctionClosedWhenCloseMessageReceived()" classname="unit.AuctionMessageTranslatorTest" time="0.041"/>
  <testcase name="notifiesBidDetailsWhenCurrentPriceMessageReceived()" classname="unit.AuctionMessageTranslatorTest" time="0.003"/>
  <system-out><![CDATA[]]></system-out>
  <system-err><![CDATA[]]></system-err>
</testsuite>
