<?xml version="1.0" encoding="UTF-8"?>
<testsuite name="endtoend.AuctionSniperEndToEndTest" tests="1" skipped="0" failures="0" errors="0" timestamp="2020-05-13T00:31:37" hostname="REVISION-PC" time="13.431">
  <properties/>
  <testcase name="sniperJoinsAuctionUntilAuctionCloses()" classname="endtoend.AuctionSniperEndToEndTest" time="13.431"/>
  <system-out><![CDATA[]]></system-out>
  <system-err><![CDATA[]]></system-err>
</testsuite>
