<?xml version="1.0" encoding="UTF-8"?>
<testsuite name="endtoend.AuctionSniperEndToEndTest" tests="3" skipped="0" failures="0" errors="0" timestamp="2020-05-24T17:44:47" hostname="REVISION-PC" time="2.407">
  <properties/>
  <testcase name="sniperMakesAHigherBidButLoses()" classname="endtoend.AuctionSniperEndToEndTest" time="1.19"/>
  <testcase name="sniperJoinsAuctionUntilAuctionCloses()" classname="endtoend.AuctionSniperEndToEndTest" time="0.498"/>
  <testcase name="sniperWinsAnAuctionByBiddingHigher()" classname="endtoend.AuctionSniperEndToEndTest" time="0.718"/>
  <system-out><![CDATA[]]></system-out>
  <system-err><![CDATA[]]></system-err>
</testsuite>
